Arguments: 
  /usr/local/bin/node /usr/local/bin/yarn init

PATH: 
  /Users/praveenemani/google-cloud-sdk/bin:/Library/Frameworks/Python.framework/Versions/2.7/bin:/anaconda3/bin:/Users/praveenemani/anaconda/bin:/usr/local/bin:/usr/bin:/bin:/usr/sbin:/sbin

Yarn version: 
  1.3.2

Node version: 
  9.0.0

Platform: 
  darwin x64

npm manifest: 
  {
    "name": "indecision-app",
    "version": "1.0.0",
    "main": "index.js",
    "license": "MIT",
    "scripts": {
      "serve": "live-server public/",
      "build": "webpack --watch"
    },
    "dependencies": {
      "babel-cli": "6.24.1",
      "babel-preset-env": "1.5.2",
      "babel-preset-react": "6.24.1",
      "live-server": "^1.2.0",
      "webpack": "3.1.0"
    }
  }

yarn manifest: 
  No manifest

Lockfile: 
  No lockfile

Trace: 
  Error: canceled
      at Interface.<anonymous> (/usr/local/lib/node_modules/yarn/lib/cli.js:121045:13)
      at emitNone (events.js:115:13)
      at Interface.emit (events.js:218:7)
      at Interface._ttyWrite (readline.js:786:16)
      at ReadStream.onkeypress (readline.js:165:10)
      at emitTwo (events.js:135:13)
      at ReadStream.emit (events.js:224:7)
      at emitKeys (internal/readline.js:420:14)
      at emitKeys.next (<anonymous>)
      at ReadStream.onData (readline.js:1022:36)
